# JRE version: Java(TM) SE Runtime Environment (17.0.6+9) (build 17.0.6+9-LTS-190)
# Java VM: Java HotSpot(TM) 64-Bit Server VM (17.0.6+9-LTS-190, mixed mode, sharing, tiered, compressed oops, compressed class ptrs, g1 gc, windows-amd64)
GC Precious Log:
 CPUs: 8 total, 8 available
 Memory: 8107M
 Large Page Support: Disabled
 NUMA Support: Disabled
 Compressed Oops: Enabled (32-bit)
 Heap Region Size: 1M
 Heap Min Capacity: 8M
 Heap Initial Capacity: 128M
 Heap Max Capacity: 1536M
 Pre-touch: Disabled
 Parallel Workers: 8
 Concurrent Workers: 2
 Concurrent Refinement Workers: 8
 Periodic GC: Disabled
Heap:
 garbage-first heap   total 91136K, used 57213K [0x00000000a0000000, 0x0000000100000000)
  region size 1024K, 6 young (6144K), 3 survivors (3072K)
 Metaspace       used 52120K, committed 52608K, reserved 1097728K
  class space    used 7057K, committed 7296K, reserved 1048576K
GC Heap History (20 events):
Event: 17.458 GC heap before
{Heap before GC invocations=10 (full 0):
 garbage-first heap   total 78848K, used 60351K [0x00000000a0000000, 0x0000000100000000)
  region size 1024K, 32 young (32768K), 3 survivors (3072K)
 Metaspace       used 38201K, committed 38656K, reserved 1089536K
  class space    used 5313K, committed 5504K, reserved 1048576K
}
Event: 17.465 GC heap after
{Heap after GC invocations=11 (full 0):
 garbage-first heap   total 78848K, used 33097K [0x00000000a0000000, 0x0000000100000000)
  region size 1024K, 2 young (2048K), 2 survivors (2048K)
 Metaspace       used 38201K, committed 38656K, reserved 1089536K
  class space    used 5313K, committed 5504K, reserved 1048576K
}
Event: 20.533 GC heap before
{Heap before GC invocations=11 (full 0):
 garbage-first heap   total 78848K, used 61769K [0x00000000a0000000, 0x0000000100000000)
  region size 1024K, 30 young (30720K), 2 survivors (2048K)
 Metaspace       used 39894K, committed 40320K, reserved 1089536K
  class space    used 5497K, committed 5696K, reserved 1048576K
}
Event: 20.541 GC heap after
{Heap after GC invocations=12 (full 0):
 garbage-first heap   total 78848K, used 34600K [0x00000000a0000000, 0x0000000100000000)
  region size 1024K, 4 young (4096K), 4 survivors (4096K)
 Metaspace       used 39894K, committed 40320K, reserved 1089536K
  class space    used 5497K, committed 5696K, reserved 1048576K
}
Event: 22.510 GC heap before
{Heap before GC invocations=12 (full 0):
 garbage-first heap   total 78848K, used 50984K [0x00000000a0000000, 0x0000000100000000)
  region size 1024K, 19 young (19456K), 4 survivors (4096K)
 Metaspace       used 40226K, committed 40640K, reserved 1089536K
  class space    used 5526K, committed 5760K, reserved 1048576K
}
Event: 22.519 GC heap after
{Heap after GC invocations=13 (full 0):
 garbage-first heap   total 78848K, used 41561K [0x00000000a0000000, 0x0000000100000000)
  region size 1024K, 4 young (4096K), 4 survivors (4096K)
 Metaspace       used 40226K, committed 40640K, reserved 1089536K
  class space    used 5526K, committed 5760K, reserved 1048576K
}
Event: 22.677 GC heap before
{Heap before GC invocations=14 (full 0):
 garbage-first heap   total 78848K, used 46681K [0x00000000a0000000, 0x0000000100000000)
  region size 1024K, 8 young (8192K), 4 survivors (4096K)
 Metaspace       used 40226K, committed 40640K, reserved 1089536K
  class space    used 5526K, committed 5760K, reserved 1048576K
}
Event: 22.682 GC heap after
{Heap after GC invocations=15 (full 0):
 garbage-first heap   total 78848K, used 47350K [0x00000000a0000000, 0x0000000100000000)
  region size 1024K, 3 young (3072K), 3 survivors (3072K)
 Metaspace       used 40226K, committed 40640K, reserved 1089536K
  class space    used 5526K, committed 5760K, reserved 1048576K
}
Event: 23.312 GC heap before
{Heap before GC invocations=16 (full 0):
 garbage-first heap   total 89088K, used 58614K [0x00000000a0000000, 0x0000000100000000)
  region size 1024K, 13 young (13312K), 3 survivors (3072K)
 Metaspace       used 41235K, committed 41728K, reserved 1089536K
  class space    used 5656K, committed 5888K, reserved 1048576K
}
Event: 23.316 GC heap after
{Heap after GC invocations=17 (full 0):
 garbage-first heap   total 89088K, used 50506K [0x00000000a0000000, 0x0000000100000000)
  region size 1024K, 2 young (2048K), 2 survivors (2048K)
 Metaspace       used 41235K, committed 41728K, reserved 1089536K
  class space    used 5656K, committed 5888K, reserved 1048576K
}
Event: 24.039 GC heap before
{Heap before GC invocations=17 (full 0):
 garbage-first heap   total 89088K, used 63818K [0x00000000a0000000, 0x0000000100000000)
  region size 1024K, 15 young (15360K), 2 survivors (2048K)
 Metaspace       used 42818K, committed 43200K, reserved 1089536K
  class space    used 5885K, committed 6080K, reserved 1048576K
}
Event: 24.042 GC heap after
{Heap after GC invocations=18 (full 0):
 garbage-first heap   total 89088K, used 50920K [0x00000000a0000000, 0x0000000100000000)
  region size 1024K, 1 young (1024K), 1 survivors (1024K)
 Metaspace       used 42818K, committed 43200K, reserved 1089536K
  class space    used 5885K, committed 6080K, reserved 1048576K
}
Event: 24.728 GC heap before
{Heap before GC invocations=19 (full 0):
 garbage-first heap   total 89088K, used 65256K [0x00000000a0000000, 0x0000000100000000)
  region size 1024K, 15 young (15360K), 1 survivors (1024K)
 Metaspace       used 44926K, committed 45376K, reserved 1089536K
  class space    used 6159K, committed 6400K, reserved 1048576K
}
Event: 24.730 GC heap after
{Heap after GC invocations=20 (full 0):
 garbage-first heap   total 89088K, used 51548K [0x00000000a0000000, 0x0000000100000000)
  region size 1024K, 2 young (2048K), 2 survivors (2048K)
 Metaspace       used 44926K, committed 45376K, reserved 1089536K
  class space    used 6159K, committed 6400K, reserved 1048576K
}
Event: 25.278 GC heap before
{Heap before GC invocations=20 (full 0):
 garbage-first heap   total 89088K, used 66908K [0x00000000a0000000, 0x0000000100000000)
  region size 1024K, 17 young (17408K), 2 survivors (2048K)
 Metaspace       used 47150K, committed 47680K, reserved 1097728K
  class space    used 6415K, committed 6656K, reserved 1048576K
}
Event: 25.281 GC heap after
{Heap after GC invocations=21 (full 0):
 garbage-first heap   total 89088K, used 52057K [0x00000000a0000000, 0x0000000100000000)
  region size 1024K, 2 young (2048K), 2 survivors (2048K)
 Metaspace       used 47150K, committed 47680K, reserved 1097728K
  class space    used 6415K, committed 6656K, reserved 1048576K
}
Event: 26.116 GC heap before
{Heap before GC invocations=22 (full 0):
 garbage-first heap   total 91136K, used 68441K [0x00000000a0000000, 0x0000000100000000)
  region size 1024K, 18 young (18432K), 2 survivors (2048K)
 Metaspace       used 49643K, committed 50176K, reserved 1097728K
  class space    used 6779K, committed 7040K, reserved 1048576K
}
Event: 26.121 GC heap after
{Heap after GC invocations=23 (full 0):
 garbage-first heap   total 91136K, used 52847K [0x00000000a0000000, 0x0000000100000000)
  region size 1024K, 3 young (3072K), 3 survivors (3072K)
 Metaspace       used 49643K, committed 50176K, reserved 1097728K
  class space    used 6779K, committed 7040K, reserved 1048576K
}
Event: 26.823 GC heap before
{Heap before GC invocations=23 (full 0):
 garbage-first heap   total 91136K, used 70255K [0x00000000a0000000, 0x0000000100000000)
  region size 1024K, 21 young (21504K), 3 survivors (3072K)
 Metaspace       used 51974K, committed 52480K, reserved 1097728K
  class space    used 7036K, committed 7296K, reserved 1048576K
}
Event: 26.830 GC heap after
{Heap after GC invocations=24 (full 0):
 garbage-first heap   total 91136K, used 55165K [0x00000000a0000000, 0x0000000100000000)
  region size 1024K, 3 young (3072K), 3 survivors (3072K)
 Metaspace       used 51974K, committed 52480K, reserved 1097728K
  class space    used 7036K, committed 7296K, reserved 1048576K
}

