# JRE version: Java(TM) SE Runtime Environment (17.0.6+9) (build 17.0.6+9-LTS-190)
# Java VM: Java HotSpot(TM) 64-Bit Server VM (17.0.6+9-LTS-190, mixed mode, sharing, tiered, compressed oops, compressed class ptrs, g1 gc, windows-amd64)
GC Precious Log:
 CPUs: 8 total, 8 available
 Memory: 8107M
 Large Page Support: Disabled
 NUMA Support: Disabled
 Compressed Oops: Enabled (32-bit)
 Heap Region Size: 1M
 Heap Min Capacity: 8M
 Heap Initial Capacity: 128M
 Heap Max Capacity: 1536M
 Pre-touch: Disabled
 Parallel Workers: 8
 Concurrent Workers: 2
 Concurrent Refinement Workers: 8
 Periodic GC: Disabled
Heap:
 garbage-first heap   total 126976K, used 88366K [0x00000000a0000000, 0x0000000100000000)
  region size 1024K, 19 young (19456K), 2 survivors (2048K)
 Metaspace       used 60878K, committed 61504K, reserved 1105920K
  class space    used 8226K, committed 8512K, reserved 1048576K
GC Heap History (20 events):
Event: 11.671 GC heap before
{Heap before GC invocations=19 (full 0):
 garbage-first heap   total 92160K, used 63141K [0x00000000a0000000, 0x0000000100000000)
  region size 1024K, 15 young (15360K), 3 survivors (3072K)
 Metaspace       used 44192K, committed 44672K, reserved 1089536K
  class space    used 6048K, committed 6272K, reserved 1048576K
}
Event: 11.673 GC heap after
{Heap after GC invocations=20 (full 0):
 garbage-first heap   total 92160K, used 53087K [0x00000000a0000000, 0x0000000100000000)
  region size 1024K, 2 young (2048K), 2 survivors (2048K)
 Metaspace       used 44192K, committed 44672K, reserved 1089536K
  class space    used 6048K, committed 6272K, reserved 1048576K
}
Event: 11.911 GC heap before
{Heap before GC invocations=20 (full 0):
 garbage-first heap   total 92160K, used 66399K [0x00000000a0000000, 0x0000000100000000)
  region size 1024K, 15 young (15360K), 2 survivors (2048K)
 Metaspace       used 45719K, committed 46272K, reserved 1089536K
  class space    used 6267K, committed 6528K, reserved 1048576K
}
Event: 11.913 GC heap after
{Heap after GC invocations=21 (full 0):
 garbage-first heap   total 92160K, used 53474K [0x00000000a0000000, 0x0000000100000000)
  region size 1024K, 1 young (1024K), 1 survivors (1024K)
 Metaspace       used 45719K, committed 46272K, reserved 1089536K
  class space    used 6267K, committed 6528K, reserved 1048576K
}
Event: 12.341 GC heap before
{Heap before GC invocations=22 (full 0):
 garbage-first heap   total 96256K, used 67810K [0x00000000a0000000, 0x0000000100000000)
  region size 1024K, 15 young (15360K), 1 survivors (1024K)
 Metaspace       used 47753K, committed 48320K, reserved 1097728K
  class space    used 6534K, committed 6784K, reserved 1048576K
}
Event: 12.344 GC heap after
{Heap after GC invocations=23 (full 0):
 garbage-first heap   total 126976K, used 54086K [0x00000000a0000000, 0x0000000100000000)
  region size 1024K, 2 young (2048K), 2 survivors (2048K)
 Metaspace       used 47753K, committed 48320K, reserved 1097728K
  class space    used 6534K, committed 6784K, reserved 1048576K
}
Event: 13.007 GC heap before
{Heap before GC invocations=23 (full 0):
 garbage-first heap   total 126976K, used 85830K [0x00000000a0000000, 0x0000000100000000)
  region size 1024K, 33 young (33792K), 2 survivors (2048K)
 Metaspace       used 52452K, committed 53056K, reserved 1097728K
  class space    used 7141K, committed 7424K, reserved 1048576K
}
Event: 13.012 GC heap after
{Heap after GC invocations=24 (full 0):
 garbage-first heap   total 126976K, used 55441K [0x00000000a0000000, 0x0000000100000000)
  region size 1024K, 3 young (3072K), 3 survivors (3072K)
 Metaspace       used 52452K, committed 53056K, reserved 1097728K
  class space    used 7141K, committed 7424K, reserved 1048576K
}
Event: 14.322 GC heap before
{Heap before GC invocations=24 (full 0):
 garbage-first heap   total 126976K, used 89233K [0x00000000a0000000, 0x0000000100000000)
  region size 1024K, 36 young (36864K), 3 survivors (3072K)
 Metaspace       used 54897K, committed 55424K, reserved 1097728K
  class space    used 7441K, committed 7680K, reserved 1048576K
}
Event: 14.329 GC heap after
{Heap after GC invocations=25 (full 0):
 garbage-first heap   total 126976K, used 58370K [0x00000000a0000000, 0x0000000100000000)
  region size 1024K, 5 young (5120K), 5 survivors (5120K)
 Metaspace       used 54897K, committed 55424K, reserved 1097728K
  class space    used 7441K, committed 7680K, reserved 1048576K
}
Event: 15.124 GC heap before
{Heap before GC invocations=25 (full 0):
 garbage-first heap   total 126976K, used 94210K [0x00000000a0000000, 0x0000000100000000)
  region size 1024K, 39 young (39936K), 5 survivors (5120K)
 Metaspace       used 57749K, committed 58304K, reserved 1105920K
  class space    used 7789K, committed 8064K, reserved 1048576K
}
Event: 15.132 GC heap after
{Heap after GC invocations=26 (full 0):
 garbage-first heap   total 126976K, used 60473K [0x00000000a0000000, 0x0000000100000000)
  region size 1024K, 2 young (2048K), 2 survivors (2048K)
 Metaspace       used 57749K, committed 58304K, reserved 1105920K
  class space    used 7789K, committed 8064K, reserved 1048576K
}
Event: 17.023 GC heap before
{Heap before GC invocations=26 (full 0):
 garbage-first heap   total 126976K, used 95289K [0x00000000a0000000, 0x0000000100000000)
  region size 1024K, 36 young (36864K), 2 survivors (2048K)
 Metaspace       used 59330K, committed 59904K, reserved 1105920K
  class space    used 7941K, committed 8256K, reserved 1048576K
}
Event: 17.028 GC heap after
{Heap after GC invocations=27 (full 0):
 garbage-first heap   total 126976K, used 62325K [0x00000000a0000000, 0x0000000100000000)
  region size 1024K, 4 young (4096K), 4 survivors (4096K)
 Metaspace       used 59330K, committed 59904K, reserved 1105920K
  class space    used 7941K, committed 8256K, reserved 1048576K
}
Event: 18.003 GC heap before
{Heap before GC invocations=28 (full 0):
 garbage-first heap   total 126976K, used 101237K [0x00000000a0000000, 0x0000000100000000)
  region size 1024K, 39 young (39936K), 4 survivors (4096K)
 Metaspace       used 59709K, committed 60224K, reserved 1105920K
  class space    used 8008K, committed 8256K, reserved 1048576K
}
Event: 18.012 GC heap after
{Heap after GC invocations=29 (full 0):
 garbage-first heap   total 126976K, used 70151K [0x00000000a0000000, 0x0000000100000000)
  region size 1024K, 5 young (5120K), 5 survivors (5120K)
 Metaspace       used 59709K, committed 60224K, reserved 1105920K
  class space    used 8008K, committed 8256K, reserved 1048576K
}
Event: 18.034 GC heap before
{Heap before GC invocations=29 (full 0):
 garbage-first heap   total 126976K, used 71175K [0x00000000a0000000, 0x0000000100000000)
  region size 1024K, 6 young (6144K), 5 survivors (5120K)
 Metaspace       used 59730K, committed 60288K, reserved 1105920K
  class space    used 8011K, committed 8256K, reserved 1048576K
}
Event: 18.039 GC heap after
{Heap after GC invocations=30 (full 0):
 garbage-first heap   total 126976K, used 71116K [0x00000000a0000000, 0x0000000100000000)
  region size 1024K, 1 young (1024K), 1 survivors (1024K)
 Metaspace       used 59730K, committed 60288K, reserved 1105920K
  class space    used 8011K, committed 8256K, reserved 1048576K
}
Event: 19.077 GC heap before
{Heap before GC invocations=30 (full 0):
 garbage-first heap   total 126976K, used 99788K [0x00000000a0000000, 0x0000000100000000)
  region size 1024K, 29 young (29696K), 1 survivors (1024K)
 Metaspace       used 60829K, committed 61504K, reserved 1105920K
  class space    used 8220K, committed 8512K, reserved 1048576K
}
Event: 19.080 GC heap after
{Heap after GC invocations=31 (full 0):
 garbage-first heap   total 126976K, used 71982K [0x00000000a0000000, 0x0000000100000000)
  region size 1024K, 2 young (2048K), 2 survivors (2048K)
 Metaspace       used 60829K, committed 61504K, reserved 1105920K
  class space    used 8220K, committed 8512K, reserved 1048576K
}

